[2024-09-04 20:01:41] local.DEBUG: C:\Users\josia\VS_code\ShakeDown-App\shake-down\app\Models\GearLists.php 184 list array: Array
(
    [labels] => Array
        (
            [0] => Clothes
            [1] => Consumables
            [2] => Cooking
            [3] => Emergency
            [4] => Fire/water Treatment
            [5] => Luxury Item
            [6] => Packs
            [7] => Rain Gear
            [8] => Shelter
            [9] => Sleep System
            [10] => Tech
            [11] => Tools
            [12] => Worn Clothes
            [13] => Unassigned
        )

    [data] => Array
        (
            [0] => 8
            [1] => 14
            [2] => 4
            [3] => 0
            [4] => 0
            [5] => 0
            [6] => 8
            [7] => 11
            [8] => 3
            [9] => 10
            [10] => 9
            [11] => 13
            [12] => 11
            [13] => 14
        )

)
  
[2024-09-04 20:02:57] local.DEBUG: C:\Users\josia\VS_code\ShakeDown-App\shake-down\app\Models\GearLists.php 184 list array: Array
(
    [labels] => Array
        (
            [0] => Clothes
            [1] => Consumables
            [2] => Cooking
            [3] => Emergency
            [4] => Fire/water Treatment
            [5] => Luxury Item
            [6] => Packs
            [7] => Rain Gear
            [8] => Shelter
            [9] => Sleep System
            [10] => Tech
            [11] => Tools
            [12] => Worn Clothes
            [13] => Unassigned
        )

    [data] => Array
        (
            [0] => 8
            [1] => 14
            [2] => 4
            [3] => 0
            [4] => 0
            [5] => 0
            [6] => 8
            [7] => 11
            [8] => 3
            [9] => 10
            [10] => 9
            [11] => 13
            [12] => 11
            [13] => 14
        )

)
  
[2024-09-04 20:04:49] local.DEBUG: C:\Users\josia\VS_code\ShakeDown-App\shake-down\app\Models\GearLists.php 184 list array: Array
(
    [labels] => Array
        (
            [0] => Clothes
            [1] => Consumables
            [2] => Cooking
            [3] => Emergency
            [4] => Fire/water Treatment
            [5] => Luxury Item
            [6] => Packs
            [7] => Rain Gear
            [8] => Shelter
            [9] => Sleep System
            [10] => Tech
            [11] => Tools
            [12] => Worn Clothes
            [13] => Unassigned
        )

    [data] => Array
        (
            [0] => 8
            [1] => 14
            [2] => 4
            [3] => 0
            [4] => 0
            [5] => 0
            [6] => 8
            [7] => 11
            [8] => 3
            [9] => 10
            [10] => 9
            [11] => 13
            [12] => 11
            [13] => 14
        )

)
  
[2024-09-04 20:05:36] local.DEBUG: C:\Users\josia\VS_code\ShakeDown-App\shake-down\app\Models\GearLists.php 184 list array: Array
(
    [labels] => Array
        (
            [0] => Clothes
            [1] => Consumables
            [2] => Cooking
            [3] => Emergency
            [4] => Fire/water Treatment
            [5] => Luxury Item
            [6] => Packs
            [7] => Rain Gear
            [8] => Shelter
            [9] => Sleep System
            [10] => Tech
            [11] => Tools
            [12] => Worn Clothes
            [13] => Unassigned
        )

    [data] => Array
        (
            [0] => 8
            [1] => 14
            [2] => 4
            [3] => 0
            [4] => 0
            [5] => 0
            [6] => 8
            [7] => 11
            [8] => 3
            [9] => 10
            [10] => 9
            [11] => 13
            [12] => 11
            [13] => 14
        )

)
  
[2024-09-04 20:05:36] local.ERROR: syntax error, unexpected token "<" (View: C:\Users\josia\VS_code\ShakeDown-App\shake-down\resources\views\gear-lists\new-gear-list.blade.php) {"userId":1,"exception":"[object] (Illuminate\\View\\ViewException(code: 0): syntax error, unexpected token \"<\" (View: C:\\Users\\josia\\VS_code\\ShakeDown-App\\shake-down\\resources\\views\\gear-lists\\new-gear-list.blade.php) at C:\\Users\\josia\\VS_code\\ShakeDown-App\\shake-down\\storage\\framework\\views\\f09dc7bc5891fa4690be364bcd7f2d5c.php:20)
[stacktrace]
#0 C:\\Users\\josia\\VS_code\\ShakeDown-App\\shake-down\\vendor\\laravel\\framework\\src\\Illuminate\\View\\Engines\\PhpEngine.php(60): Illuminate\\View\\Engines\\CompilerEngine->handleViewException(Object(ParseError), 1)
#1 C:\\Users\\josia\\VS_code\\ShakeDown-App\\shake-down\\vendor\\laravel\\framework\\src\\Illuminate\\View\\Engines\\CompilerEngine.php(73): Illuminate\\View\\Engines\\PhpEngine->evaluatePath('C:\\\\Users\\\\josia\\\\...', Array)
#2 C:\\Users\\josia\\VS_code\\ShakeDown-App\\shake-down\\vendor\\laravel\\framework\\src\\Illuminate\\View\\View.php(208): Illuminate\\View\\Engines\\CompilerEngine->get('C:\\\\Users\\\\josia\\\\...', Array)
#3 C:\\Users\\josia\\VS_code\\ShakeDown-App\\shake-down\\vendor\\laravel\\framework\\src\\Illuminate\\View\\View.php(191): Illuminate\\View\\View->getContents()
#4 C:\\Users\\josia\\VS_code\\ShakeDown-App\\shake-down\\vendor\\laravel\\framework\\src\\Illuminate\\View\\View.php(160): Illuminate\\View\\View->renderContents()
#5 C:\\Users\\josia\\VS_code\\ShakeDown-App\\shake-down\\vendor\\laravel\\framework\\src\\Illuminate\\Http\\Response.php(70): Illuminate\\View\\View->render()
#6 C:\\Users\\josia\\VS_code\\ShakeDown-App\\shake-down\\vendor\\laravel\\framework\\src\\Illuminate\\Http\\Response.php(35): Illuminate\\Http\\Response->setContent(Object(Illuminate\\View\\View))
#7 C:\\Users\\josia\\VS_code\\ShakeDown-App\\shake-down\\vendor\\laravel\\framework\\src\\Illuminate\\Routing\\Router.php(920): Illuminate\\Http\\Response->__construct(Object(Illuminate\\View\\View), 200, Array)
#8 C:\\Users\\josia\\VS_code\\ShakeDown-App\\shake-down\\vendor\\laravel\\framework\\src\\Illuminate\\Routing\\Router.php(887): Illuminate\\Routing\\Router::toResponse(Object(Illuminate\\Http\\Request), Object(Illuminate\\View\\View))
#9 C:\\Users\\josia\\VS_code\\ShakeDown-App\\shake-down\\vendor\\laravel\\framework\\src\\Illuminate\\Routing\\Router.php(807): Illuminate\\Routing\\Router->prepareResponse(Object(Illuminate\\Http\\Request), Object(Illuminate\\View\\View))
#10 C:\\Users\\josia\\VS_code\\ShakeDown-App\\shake-down\\vendor\\laravel\\framework\\src\\Illuminate\\Pipeline\\Pipeline.php(144): Illuminate\\Routing\\Router->Illuminate\\Routing\\{closure}(Object(Illuminate\\Http\\Request))
#11 C:\\Users\\josia\\VS_code\\ShakeDown-App\\shake-down\\vendor\\laravel\\framework\\src\\Illuminate\\Routing\\Middleware\\SubstituteBindings.php(51): Illuminate\\Pipeline\\Pipeline->Illuminate\\Pipeline\\{closure}(Object(Illuminate\\Http\\Request))
#12 C:\\Users\\josia\\VS_code\\ShakeDown-App\\shake-down\\vendor\\laravel\\framework\\src\\Illuminate\\Pipeline\\Pipeline.php(183): Illuminate\\Routing\\Middleware\\SubstituteBindings->handle(Object(Illuminate\\Http\\Request), Object(Closure))
#13 C:\\Users\\josia\\VS_code\\ShakeDown-App\\shake-down\\vendor\\laravel\\framework\\src\\Illuminate\\Foundation\\Http\\Middleware\\VerifyCsrfToken.php(88): Illuminate\\Pipeline\\Pipeline->Illuminate\\Pipeline\\{closure}(Object(Illuminate\\Http\\Request))
#14 C:\\Users\\josia\\VS_code\\ShakeDown-App\\shake-down\\vendor\\laravel\\framework\\src\\Illuminate\\Pipeline\\Pipeline.php(183): Illuminate\\Foundation\\Http\\Middleware\\VerifyCsrfToken->handle(Object(Illuminate\\Http\\Request), Object(Closure))
#15 C:\\Users\\josia\\VS_code\\ShakeDown-App\\shake-down\\vendor\\laravel\\framework\\src\\Illuminate\\View\\Middleware\\ShareErrorsFromSession.php(49): Illuminate\\Pipeline\\Pipeline->Illuminate\\Pipeline\\{closure}(Object(Illuminate\\Http\\Request))
#16 C:\\Users\\josia\\VS_code\\ShakeDown-App\\shake-down\\vendor\\laravel\\framework\\src\\Illuminate\\Pipeline\\Pipeline.php(183): Illuminate\\View\\Middleware\\ShareErrorsFromSession->handle(Object(Illuminate\\Http\\Request), Object(Closure))
#17 C:\\Users\\josia\\VS_code\\ShakeDown-App\\shake-down\\vendor\\laravel\\framework\\src\\Illuminate\\Session\\Middleware\\StartSession.php(121): Illuminate\\Pipeline\\Pipeline->Illuminate\\Pipeline\\{closure}(Object(Illuminate\\Http\\Request))
#18 C:\\Users\\josia\\VS_code\\ShakeDown-App\\shake-down\\vendor\\laravel\\framework\\src\\Illuminate\\Session\\Middleware\\StartSession.php(64): Illuminate\\Session\\Middleware\\StartSession->handleStatefulRequest(Object(Illuminate\\Http\\Request), Object(Illuminate\\Session\\Store), Object(Closure))
#19 C:\\Users\\josia\\VS_code\\ShakeDown-App\\shake-down\\vendor\\laravel\\framework\\src\\Illuminate\\Pipeline\\Pipeline.php(183): Illuminate\\Session\\Middleware\\StartSession->handle(Object(Illuminate\\Http\\Request), Object(Closure))
#20 C:\\Users\\josia\\VS_code\\ShakeDown-App\\shake-down\\vendor\\laravel\\framework\\src\\Illuminate\\Cookie\\Middleware\\AddQueuedCookiesToResponse.php(37): Illuminate\\Pipeline\\Pipeline->Illuminate\\Pipeline\\{closure}(Object(Illuminate\\Http\\Request))
#21 C:\\Users\\josia\\VS_code\\ShakeDown-App\\shake-down\\vendor\\laravel\\framework\\src\\Illuminate\\Pipeline\\Pipeline.php(183): Illuminate\\Cookie\\Middleware\\AddQueuedCookiesToResponse->handle(Object(Illuminate\\Http\\Request), Object(Closure))
#22 C:\\Users\\josia\\VS_code\\ShakeDown-App\\shake-down\\vendor\\laravel\\framework\\src\\Illuminate\\Cookie\\Middleware\\EncryptCookies.php(75): Illuminate\\Pipeline\\Pipeline->Illuminate\\Pipeline\\{closure}(Object(Illuminate\\Http\\Request))
#23 C:\\Users\\josia\\VS_code\\ShakeDown-App\\shake-down\\vendor\\laravel\\framework\\src\\Illuminate\\Pipeline\\Pipeline.php(183): Illuminate\\Cookie\\Middleware\\EncryptCookies->handle(Object(Illuminate\\Http\\Request), Object(Closure))
#24 C:\\Users\\josia\\VS_code\\ShakeDown-App\\shake-down\\vendor\\laravel\\framework\\src\\Illuminate\\Pipeline\\Pipeline.php(119): Illuminate\\Pipeline\\Pipeline->Illuminate\\Pipeline\\{closure}(Object(Illuminate\\Http\\Request))
#25 C:\\Users\\josia\\VS_code\\ShakeDown-App\\shake-down\\vendor\\laravel\\framework\\src\\Illuminate\\Routing\\Router.php(807): Illuminate\\Pipeline\\Pipeline->then(Object(Closure))
#26 C:\\Users\\josia\\VS_code\\ShakeDown-App\\shake-down\\vendor\\laravel\\framework\\src\\Illuminate\\Routing\\Router.php(786): Illuminate\\Routing\\Router->runRouteWithinStack(Object(Illuminate\\Routing\\Route), Object(Illuminate\\Http\\Request))
#27 C:\\Users\\josia\\VS_code\\ShakeDown-App\\shake-down\\vendor\\laravel\\framework\\src\\Illuminate\\Routing\\Router.php(750): Illuminate\\Routing\\Router->runRoute(Object(Illuminate\\Http\\Request), Object(Illuminate\\Routing\\Route))
#28 C:\\Users\\josia\\VS_code\\ShakeDown-App\\shake-down\\vendor\\laravel\\framework\\src\\Illuminate\\Routing\\Router.php(739): Illuminate\\Routing\\Router->dispatchToRoute(Object(Illuminate\\Http\\Request))
#29 C:\\Users\\josia\\VS_code\\ShakeDown-App\\shake-down\\vendor\\laravel\\framework\\src\\Illuminate\\Foundation\\Http\\Kernel.php(201): Illuminate\\Routing\\Router->dispatch(Object(Illuminate\\Http\\Request))
#30 C:\\Users\\josia\\VS_code\\ShakeDown-App\\shake-down\\vendor\\laravel\\framework\\src\\Illuminate\\Pipeline\\Pipeline.php(144): Illuminate\\Foundation\\Http\\Kernel->Illuminate\\Foundation\\Http\\{closure}(Object(Illuminate\\Http\\Request))
#31 C:\\Users\\josia\\VS_code\\ShakeDown-App\\shake-down\\vendor\\laravel\\framework\\src\\Illuminate\\Foundation\\Http\\Middleware\\TransformsRequest.php(21): Illuminate\\Pipeline\\Pipeline->Illuminate\\Pipeline\\{closure}(Object(Illuminate\\Http\\Request))
#32 C:\\Users\\josia\\VS_code\\ShakeDown-App\\shake-down\\vendor\\laravel\\framework\\src\\Illuminate\\Foundation\\Http\\Middleware\\ConvertEmptyStringsToNull.php(31): Illuminate\\Foundation\\Http\\Middleware\\TransformsRequest->handle(Object(Illuminate\\Http\\Request), Object(Closure))
#33 C:\\Users\\josia\\VS_code\\ShakeDown-App\\shake-down\\vendor\\laravel\\framework\\src\\Illuminate\\Pipeline\\Pipeline.php(183): Illuminate\\Foundation\\Http\\Middleware\\ConvertEmptyStringsToNull->handle(Object(Illuminate\\Http\\Request), Object(Closure))
#34 C:\\Users\\josia\\VS_code\\ShakeDown-App\\shake-down\\vendor\\laravel\\framework\\src\\Illuminate\\Foundation\\Http\\Middleware\\TransformsRequest.php(21): Illuminate\\Pipeline\\Pipeline->Illuminate\\Pipeline\\{closure}(Object(Illuminate\\Http\\Request))
#35 C:\\Users\\josia\\VS_code\\ShakeDown-App\\shake-down\\vendor\\laravel\\framework\\src\\Illuminate\\Foundation\\Http\\Middleware\\TrimStrings.php(51): Illuminate\\Foundation\\Http\\Middleware\\TransformsRequest->handle(Object(Illuminate\\Http\\Request), Object(Closure))
#36 C:\\Users\\josia\\VS_code\\ShakeDown-App\\shake-down\\vendor\\laravel\\framework\\src\\Illuminate\\Pipeline\\Pipeline.php(183): Illuminate\\Foundation\\Http\\Middleware\\TrimStrings->handle(Object(Illuminate\\Http\\Request), Object(Closure))
#37 C:\\Users\\josia\\VS_code\\ShakeDown-App\\shake-down\\vendor\\laravel\\framework\\src\\Illuminate\\Http\\Middleware\\ValidatePostSize.php(27): Illuminate\\Pipeline\\Pipeline->Illuminate\\Pipeline\\{closure}(Object(Illuminate\\Http\\Request))
#38 C:\\Users\\josia\\VS_code\\ShakeDown-App\\shake-down\\vendor\\laravel\\framework\\src\\Illuminate\\Pipeline\\Pipeline.php(183): Illuminate\\Http\\Middleware\\ValidatePostSize->handle(Object(Illuminate\\Http\\Request), Object(Closure))
#39 C:\\Users\\josia\\VS_code\\ShakeDown-App\\shake-down\\vendor\\laravel\\framework\\src\\Illuminate\\Foundation\\Http\\Middleware\\PreventRequestsDuringMaintenance.php(110): Illuminate\\Pipeline\\Pipeline->Illuminate\\Pipeline\\{closure}(Object(Illuminate\\Http\\Request))
#40 C:\\Users\\josia\\VS_code\\ShakeDown-App\\shake-down\\vendor\\laravel\\framework\\src\\Illuminate\\Pipeline\\Pipeline.php(183): Illuminate\\Foundation\\Http\\Middleware\\PreventRequestsDuringMaintenance->handle(Object(Illuminate\\Http\\Request), Object(Closure))
#41 C:\\Users\\josia\\VS_code\\ShakeDown-App\\shake-down\\vendor\\laravel\\framework\\src\\Illuminate\\Http\\Middleware\\HandleCors.php(49): Illuminate\\Pipeline\\Pipeline->Illuminate\\Pipeline\\{closure}(Object(Illuminate\\Http\\Request))
#42 C:\\Users\\josia\\VS_code\\ShakeDown-App\\shake-down\\vendor\\laravel\\framework\\src\\Illuminate\\Pipeline\\Pipeline.php(183): Illuminate\\Http\\Middleware\\HandleCors->handle(Object(Illuminate\\Http\\Request), Object(Closure))
#43 C:\\Users\\josia\\VS_code\\ShakeDown-App\\shake-down\\vendor\\laravel\\framework\\src\\Illuminate\\Http\\Middleware\\TrustProxies.php(58): Illuminate\\Pipeline\\Pipeline->Illuminate\\Pipeline\\{closure}(Object(Illuminate\\Http\\Request))
#44 C:\\Users\\josia\\VS_code\\ShakeDown-App\\shake-down\\vendor\\laravel\\framework\\src\\Illuminate\\Pipeline\\Pipeline.php(183): Illuminate\\Http\\Middleware\\TrustProxies->handle(Object(Illuminate\\Http\\Request), Object(Closure))
#45 C:\\Users\\josia\\VS_code\\ShakeDown-App\\shake-down\\vendor\\laravel\\framework\\src\\Illuminate\\Pipeline\\Pipeline.php(119): Illuminate\\Pipeline\\Pipeline->Illuminate\\Pipeline\\{closure}(Object(Illuminate\\Http\\Request))
#46 C:\\Users\\josia\\VS_code\\ShakeDown-App\\shake-down\\vendor\\laravel\\framework\\src\\Illuminate\\Foundation\\Http\\Kernel.php(176): Illuminate\\Pipeline\\Pipeline->then(Object(Closure))
#47 C:\\Users\\josia\\VS_code\\ShakeDown-App\\shake-down\\vendor\\laravel\\framework\\src\\Illuminate\\Foundation\\Http\\Kernel.php(145): Illuminate\\Foundation\\Http\\Kernel->sendRequestThroughRouter(Object(Illuminate\\Http\\Request))
#48 C:\\Users\\josia\\VS_code\\ShakeDown-App\\shake-down\\vendor\\laravel\\framework\\src\\Illuminate\\Foundation\\Application.php(1188): Illuminate\\Foundation\\Http\\Kernel->handle(Object(Illuminate\\Http\\Request))
#49 C:\\Users\\josia\\VS_code\\ShakeDown-App\\shake-down\\public\\index.php(17): Illuminate\\Foundation\\Application->handleRequest(Object(Illuminate\\Http\\Request))
#50 C:\\Users\\josia\\VS_code\\ShakeDown-App\\shake-down\\vendor\\laravel\\framework\\src\\Illuminate\\Foundation\\resources\\server.php(23): require_once('C:\\\\Users\\\\josia\\\\...')
#51 {main}

[previous exception] [object] (ParseError(code: 0): syntax error, unexpected token \"<\" at C:\\Users\\josia\\VS_code\\ShakeDown-App\\shake-down\\storage\\framework\\views\\f09dc7bc5891fa4690be364bcd7f2d5c.php:20)
[stacktrace]
#0 C:\\Users\\josia\\VS_code\\ShakeDown-App\\shake-down\\vendor\\laravel\\framework\\src\\Illuminate\\Filesystem\\Filesystem.php(124): Illuminate\\Filesystem\\Filesystem::Illuminate\\Filesystem\\{closure}()
#1 C:\\Users\\josia\\VS_code\\ShakeDown-App\\shake-down\\vendor\\laravel\\framework\\src\\Illuminate\\View\\Engines\\PhpEngine.php(58): Illuminate\\Filesystem\\Filesystem->getRequire('C:\\\\Users\\\\josia\\\\...', Array)
#2 C:\\Users\\josia\\VS_code\\ShakeDown-App\\shake-down\\vendor\\laravel\\framework\\src\\Illuminate\\View\\Engines\\CompilerEngine.php(73): Illuminate\\View\\Engines\\PhpEngine->evaluatePath('C:\\\\Users\\\\josia\\\\...', Array)
#3 C:\\Users\\josia\\VS_code\\ShakeDown-App\\shake-down\\vendor\\laravel\\framework\\src\\Illuminate\\View\\View.php(208): Illuminate\\View\\Engines\\CompilerEngine->get('C:\\\\Users\\\\josia\\\\...', Array)
#4 C:\\Users\\josia\\VS_code\\ShakeDown-App\\shake-down\\vendor\\laravel\\framework\\src\\Illuminate\\View\\View.php(191): Illuminate\\View\\View->getContents()
#5 C:\\Users\\josia\\VS_code\\ShakeDown-App\\shake-down\\vendor\\laravel\\framework\\src\\Illuminate\\View\\View.php(160): Illuminate\\View\\View->renderContents()
#6 C:\\Users\\josia\\VS_code\\ShakeDown-App\\shake-down\\vendor\\laravel\\framework\\src\\Illuminate\\Http\\Response.php(70): Illuminate\\View\\View->render()
#7 C:\\Users\\josia\\VS_code\\ShakeDown-App\\shake-down\\vendor\\laravel\\framework\\src\\Illuminate\\Http\\Response.php(35): Illuminate\\Http\\Response->setContent(Object(Illuminate\\View\\View))
#8 C:\\Users\\josia\\VS_code\\ShakeDown-App\\shake-down\\vendor\\laravel\\framework\\src\\Illuminate\\Routing\\Router.php(920): Illuminate\\Http\\Response->__construct(Object(Illuminate\\View\\View), 200, Array)
#9 C:\\Users\\josia\\VS_code\\ShakeDown-App\\shake-down\\vendor\\laravel\\framework\\src\\Illuminate\\Routing\\Router.php(887): Illuminate\\Routing\\Router::toResponse(Object(Illuminate\\Http\\Request), Object(Illuminate\\View\\View))
#10 C:\\Users\\josia\\VS_code\\ShakeDown-App\\shake-down\\vendor\\laravel\\framework\\src\\Illuminate\\Routing\\Router.php(807): Illuminate\\Routing\\Router->prepareResponse(Object(Illuminate\\Http\\Request), Object(Illuminate\\View\\View))
#11 C:\\Users\\josia\\VS_code\\ShakeDown-App\\shake-down\\vendor\\laravel\\framework\\src\\Illuminate\\Pipeline\\Pipeline.php(144): Illuminate\\Routing\\Router->Illuminate\\Routing\\{closure}(Object(Illuminate\\Http\\Request))
#12 C:\\Users\\josia\\VS_code\\ShakeDown-App\\shake-down\\vendor\\laravel\\framework\\src\\Illuminate\\Routing\\Middleware\\SubstituteBindings.php(51): Illuminate\\Pipeline\\Pipeline->Illuminate\\Pipeline\\{closure}(Object(Illuminate\\Http\\Request))
#13 C:\\Users\\josia\\VS_code\\ShakeDown-App\\shake-down\\vendor\\laravel\\framework\\src\\Illuminate\\Pipeline\\Pipeline.php(183): Illuminate\\Routing\\Middleware\\SubstituteBindings->handle(Object(Illuminate\\Http\\Request), Object(Closure))
#14 C:\\Users\\josia\\VS_code\\ShakeDown-App\\shake-down\\vendor\\laravel\\framework\\src\\Illuminate\\Foundation\\Http\\Middleware\\VerifyCsrfToken.php(88): Illuminate\\Pipeline\\Pipeline->Illuminate\\Pipeline\\{closure}(Object(Illuminate\\Http\\Request))
#15 C:\\Users\\josia\\VS_code\\ShakeDown-App\\shake-down\\vendor\\laravel\\framework\\src\\Illuminate\\Pipeline\\Pipeline.php(183): Illuminate\\Foundation\\Http\\Middleware\\VerifyCsrfToken->handle(Object(Illuminate\\Http\\Request), Object(Closure))
#16 C:\\Users\\josia\\VS_code\\ShakeDown-App\\shake-down\\vendor\\laravel\\framework\\src\\Illuminate\\View\\Middleware\\ShareErrorsFromSession.php(49): Illuminate\\Pipeline\\Pipeline->Illuminate\\Pipeline\\{closure}(Object(Illuminate\\Http\\Request))
#17 C:\\Users\\josia\\VS_code\\ShakeDown-App\\shake-down\\vendor\\laravel\\framework\\src\\Illuminate\\Pipeline\\Pipeline.php(183): Illuminate\\View\\Middleware\\ShareErrorsFromSession->handle(Object(Illuminate\\Http\\Request), Object(Closure))
#18 C:\\Users\\josia\\VS_code\\ShakeDown-App\\shake-down\\vendor\\laravel\\framework\\src\\Illuminate\\Session\\Middleware\\StartSession.php(121): Illuminate\\Pipeline\\Pipeline->Illuminate\\Pipeline\\{closure}(Object(Illuminate\\Http\\Request))
#19 C:\\Users\\josia\\VS_code\\ShakeDown-App\\shake-down\\vendor\\laravel\\framework\\src\\Illuminate\\Session\\Middleware\\StartSession.php(64): Illuminate\\Session\\Middleware\\StartSession->handleStatefulRequest(Object(Illuminate\\Http\\Request), Object(Illuminate\\Session\\Store), Object(Closure))
#20 C:\\Users\\josia\\VS_code\\ShakeDown-App\\shake-down\\vendor\\laravel\\framework\\src\\Illuminate\\Pipeline\\Pipeline.php(183): Illuminate\\Session\\Middleware\\StartSession->handle(Object(Illuminate\\Http\\Request), Object(Closure))
#21 C:\\Users\\josia\\VS_code\\ShakeDown-App\\shake-down\\vendor\\laravel\\framework\\src\\Illuminate\\Cookie\\Middleware\\AddQueuedCookiesToResponse.php(37): Illuminate\\Pipeline\\Pipeline->Illuminate\\Pipeline\\{closure}(Object(Illuminate\\Http\\Request))
#22 C:\\Users\\josia\\VS_code\\ShakeDown-App\\shake-down\\vendor\\laravel\\framework\\src\\Illuminate\\Pipeline\\Pipeline.php(183): Illuminate\\Cookie\\Middleware\\AddQueuedCookiesToResponse->handle(Object(Illuminate\\Http\\Request), Object(Closure))
#23 C:\\Users\\josia\\VS_code\\ShakeDown-App\\shake-down\\vendor\\laravel\\framework\\src\\Illuminate\\Cookie\\Middleware\\EncryptCookies.php(75): Illuminate\\Pipeline\\Pipeline->Illuminate\\Pipeline\\{closure}(Object(Illuminate\\Http\\Request))
#24 C:\\Users\\josia\\VS_code\\ShakeDown-App\\shake-down\\vendor\\laravel\\framework\\src\\Illuminate\\Pipeline\\Pipeline.php(183): Illuminate\\Cookie\\Middleware\\EncryptCookies->handle(Object(Illuminate\\Http\\Request), Object(Closure))
#25 C:\\Users\\josia\\VS_code\\ShakeDown-App\\shake-down\\vendor\\laravel\\framework\\src\\Illuminate\\Pipeline\\Pipeline.php(119): Illuminate\\Pipeline\\Pipeline->Illuminate\\Pipeline\\{closure}(Object(Illuminate\\Http\\Request))
#26 C:\\Users\\josia\\VS_code\\ShakeDown-App\\shake-down\\vendor\\laravel\\framework\\src\\Illuminate\\Routing\\Router.php(807): Illuminate\\Pipeline\\Pipeline->then(Object(Closure))
#27 C:\\Users\\josia\\VS_code\\ShakeDown-App\\shake-down\\vendor\\laravel\\framework\\src\\Illuminate\\Routing\\Router.php(786): Illuminate\\Routing\\Router->runRouteWithinStack(Object(Illuminate\\Routing\\Route), Object(Illuminate\\Http\\Request))
#28 C:\\Users\\josia\\VS_code\\ShakeDown-App\\shake-down\\vendor\\laravel\\framework\\src\\Illuminate\\Routing\\Router.php(750): Illuminate\\Routing\\Router->runRoute(Object(Illuminate\\Http\\Request), Object(Illuminate\\Routing\\Route))
#29 C:\\Users\\josia\\VS_code\\ShakeDown-App\\shake-down\\vendor\\laravel\\framework\\src\\Illuminate\\Routing\\Router.php(739): Illuminate\\Routing\\Router->dispatchToRoute(Object(Illuminate\\Http\\Request))
#30 C:\\Users\\josia\\VS_code\\ShakeDown-App\\shake-down\\vendor\\laravel\\framework\\src\\Illuminate\\Foundation\\Http\\Kernel.php(201): Illuminate\\Routing\\Router->dispatch(Object(Illuminate\\Http\\Request))
#31 C:\\Users\\josia\\VS_code\\ShakeDown-App\\shake-down\\vendor\\laravel\\framework\\src\\Illuminate\\Pipeline\\Pipeline.php(144): Illuminate\\Foundation\\Http\\Kernel->Illuminate\\Foundation\\Http\\{closure}(Object(Illuminate\\Http\\Request))
#32 C:\\Users\\josia\\VS_code\\ShakeDown-App\\shake-down\\vendor\\laravel\\framework\\src\\Illuminate\\Foundation\\Http\\Middleware\\TransformsRequest.php(21): Illuminate\\Pipeline\\Pipeline->Illuminate\\Pipeline\\{closure}(Object(Illuminate\\Http\\Request))
#33 C:\\Users\\josia\\VS_code\\ShakeDown-App\\shake-down\\vendor\\laravel\\framework\\src\\Illuminate\\Foundation\\Http\\Middleware\\ConvertEmptyStringsToNull.php(31): Illuminate\\Foundation\\Http\\Middleware\\TransformsRequest->handle(Object(Illuminate\\Http\\Request), Object(Closure))
#34 C:\\Users\\josia\\VS_code\\ShakeDown-App\\shake-down\\vendor\\laravel\\framework\\src\\Illuminate\\Pipeline\\Pipeline.php(183): Illuminate\\Foundation\\Http\\Middleware\\ConvertEmptyStringsToNull->handle(Object(Illuminate\\Http\\Request), Object(Closure))
#35 C:\\Users\\josia\\VS_code\\ShakeDown-App\\shake-down\\vendor\\laravel\\framework\\src\\Illuminate\\Foundation\\Http\\Middleware\\TransformsRequest.php(21): Illuminate\\Pipeline\\Pipeline->Illuminate\\Pipeline\\{closure}(Object(Illuminate\\Http\\Request))
#36 C:\\Users\\josia\\VS_code\\ShakeDown-App\\shake-down\\vendor\\laravel\\framework\\src\\Illuminate\\Foundation\\Http\\Middleware\\TrimStrings.php(51): Illuminate\\Foundation\\Http\\Middleware\\TransformsRequest->handle(Object(Illuminate\\Http\\Request), Object(Closure))
#37 C:\\Users\\josia\\VS_code\\ShakeDown-App\\shake-down\\vendor\\laravel\\framework\\src\\Illuminate\\Pipeline\\Pipeline.php(183): Illuminate\\Foundation\\Http\\Middleware\\TrimStrings->handle(Object(Illuminate\\Http\\Request), Object(Closure))
#38 C:\\Users\\josia\\VS_code\\ShakeDown-App\\shake-down\\vendor\\laravel\\framework\\src\\Illuminate\\Http\\Middleware\\ValidatePostSize.php(27): Illuminate\\Pipeline\\Pipeline->Illuminate\\Pipeline\\{closure}(Object(Illuminate\\Http\\Request))
#39 C:\\Users\\josia\\VS_code\\ShakeDown-App\\shake-down\\vendor\\laravel\\framework\\src\\Illuminate\\Pipeline\\Pipeline.php(183): Illuminate\\Http\\Middleware\\ValidatePostSize->handle(Object(Illuminate\\Http\\Request), Object(Closure))
#40 C:\\Users\\josia\\VS_code\\ShakeDown-App\\shake-down\\vendor\\laravel\\framework\\src\\Illuminate\\Foundation\\Http\\Middleware\\PreventRequestsDuringMaintenance.php(110): Illuminate\\Pipeline\\Pipeline->Illuminate\\Pipeline\\{closure}(Object(Illuminate\\Http\\Request))
#41 C:\\Users\\josia\\VS_code\\ShakeDown-App\\shake-down\\vendor\\laravel\\framework\\src\\Illuminate\\Pipeline\\Pipeline.php(183): Illuminate\\Foundation\\Http\\Middleware\\PreventRequestsDuringMaintenance->handle(Object(Illuminate\\Http\\Request), Object(Closure))
#42 C:\\Users\\josia\\VS_code\\ShakeDown-App\\shake-down\\vendor\\laravel\\framework\\src\\Illuminate\\Http\\Middleware\\HandleCors.php(49): Illuminate\\Pipeline\\Pipeline->Illuminate\\Pipeline\\{closure}(Object(Illuminate\\Http\\Request))
#43 C:\\Users\\josia\\VS_code\\ShakeDown-App\\shake-down\\vendor\\laravel\\framework\\src\\Illuminate\\Pipeline\\Pipeline.php(183): Illuminate\\Http\\Middleware\\HandleCors->handle(Object(Illuminate\\Http\\Request), Object(Closure))
#44 C:\\Users\\josia\\VS_code\\ShakeDown-App\\shake-down\\vendor\\laravel\\framework\\src\\Illuminate\\Http\\Middleware\\TrustProxies.php(58): Illuminate\\Pipeline\\Pipeline->Illuminate\\Pipeline\\{closure}(Object(Illuminate\\Http\\Request))
#45 C:\\Users\\josia\\VS_code\\ShakeDown-App\\shake-down\\vendor\\laravel\\framework\\src\\Illuminate\\Pipeline\\Pipeline.php(183): Illuminate\\Http\\Middleware\\TrustProxies->handle(Object(Illuminate\\Http\\Request), Object(Closure))
#46 C:\\Users\\josia\\VS_code\\ShakeDown-App\\shake-down\\vendor\\laravel\\framework\\src\\Illuminate\\Pipeline\\Pipeline.php(119): Illuminate\\Pipeline\\Pipeline->Illuminate\\Pipeline\\{closure}(Object(Illuminate\\Http\\Request))
#47 C:\\Users\\josia\\VS_code\\ShakeDown-App\\shake-down\\vendor\\laravel\\framework\\src\\Illuminate\\Foundation\\Http\\Kernel.php(176): Illuminate\\Pipeline\\Pipeline->then(Object(Closure))
#48 C:\\Users\\josia\\VS_code\\ShakeDown-App\\shake-down\\vendor\\laravel\\framework\\src\\Illuminate\\Foundation\\Http\\Kernel.php(145): Illuminate\\Foundation\\Http\\Kernel->sendRequestThroughRouter(Object(Illuminate\\Http\\Request))
#49 C:\\Users\\josia\\VS_code\\ShakeDown-App\\shake-down\\vendor\\laravel\\framework\\src\\Illuminate\\Foundation\\Application.php(1188): Illuminate\\Foundation\\Http\\Kernel->handle(Object(Illuminate\\Http\\Request))
#50 C:\\Users\\josia\\VS_code\\ShakeDown-App\\shake-down\\public\\index.php(17): Illuminate\\Foundation\\Application->handleRequest(Object(Illuminate\\Http\\Request))
#51 C:\\Users\\josia\\VS_code\\ShakeDown-App\\shake-down\\vendor\\laravel\\framework\\src\\Illuminate\\Foundation\\resources\\server.php(23): require_once('C:\\\\Users\\\\josia\\\\...')
#52 {main}
"} 
[2024-09-04 20:05:53] local.DEBUG: C:\Users\josia\VS_code\ShakeDown-App\shake-down\app\Models\GearLists.php 184 list array: Array
(
    [labels] => Array
        (
            [0] => Clothes
            [1] => Consumables
            [2] => Cooking
            [3] => Emergency
            [4] => Fire/water Treatment
            [5] => Luxury Item
            [6] => Packs
            [7] => Rain Gear
            [8] => Shelter
            [9] => Sleep System
            [10] => Tech
            [11] => Tools
            [12] => Worn Clothes
            [13] => Unassigned
        )

    [data] => Array
        (
            [0] => 8
            [1] => 14
            [2] => 4
            [3] => 0
            [4] => 0
            [5] => 0
            [6] => 8
            [7] => 11
            [8] => 3
            [9] => 10
            [10] => 9
            [11] => 13
            [12] => 11
            [13] => 14
        )

)
  
[2024-09-04 20:06:33] local.DEBUG: C:\Users\josia\VS_code\ShakeDown-App\shake-down\app\Models\GearLists.php 184 list array: Array
(
    [labels] => Array
        (
            [0] => Clothes
            [1] => Consumables
            [2] => Cooking
            [3] => Emergency
            [4] => Fire/water Treatment
            [5] => Luxury Item
            [6] => Packs
            [7] => Rain Gear
            [8] => Shelter
            [9] => Sleep System
            [10] => Tech
            [11] => Tools
            [12] => Worn Clothes
            [13] => Unassigned
        )

    [data] => Array
        (
            [0] => 8
            [1] => 14
            [2] => 4
            [3] => 0
            [4] => 0
            [5] => 0
            [6] => 8
            [7] => 11
            [8] => 3
            [9] => 10
            [10] => 9
            [11] => 13
            [12] => 11
            [13] => 14
        )

)
  
[2024-09-04 20:07:15] local.DEBUG: C:\Users\josia\VS_code\ShakeDown-App\shake-down\app\Models\GearLists.php 184 list array: Array
(
    [labels] => Array
        (
            [0] => Clothes
            [1] => Consumables
            [2] => Cooking
            [3] => Emergency
            [4] => Fire/water Treatment
            [5] => Luxury Item
            [6] => Packs
            [7] => Rain Gear
            [8] => Shelter
            [9] => Sleep System
            [10] => Tech
            [11] => Tools
            [12] => Worn Clothes
            [13] => Unassigned
        )

    [data] => Array
        (
            [0] => 8
            [1] => 14
            [2] => 4
            [3] => 0
            [4] => 0
            [5] => 0
            [6] => 8
            [7] => 11
            [8] => 3
            [9] => 10
            [10] => 9
            [11] => 13
            [12] => 11
            [13] => 14
        )

)
  
[2024-09-04 20:08:44] local.DEBUG: C:\Users\josia\VS_code\ShakeDown-App\shake-down\app\Models\GearLists.php 184 list array: Array
(
    [labels] => Array
        (
            [0] => Clothes
            [1] => Consumables
            [2] => Cooking
            [3] => Emergency
            [4] => Fire/water Treatment
            [5] => Luxury Item
            [6] => Packs
            [7] => Rain Gear
            [8] => Shelter
            [9] => Sleep System
            [10] => Tech
            [11] => Tools
            [12] => Worn Clothes
            [13] => Unassigned
        )

    [data] => Array
        (
            [0] => 8
            [1] => 14
            [2] => 4
            [3] => 0
            [4] => 0
            [5] => 0
            [6] => 8
            [7] => 11
            [8] => 3
            [9] => 10
            [10] => 9
            [11] => 13
            [12] => 11
            [13] => 14
        )

)
  
[2024-09-04 20:10:36] local.DEBUG: C:\Users\josia\VS_code\ShakeDown-App\shake-down\app\Models\GearLists.php 184 list array: Array
(
    [labels] => Array
        (
            [0] => Clothes
            [1] => Consumables
            [2] => Cooking
            [3] => Emergency
            [4] => Fire/water Treatment
            [5] => Luxury Item
            [6] => Packs
            [7] => Rain Gear
            [8] => Shelter
            [9] => Sleep System
            [10] => Tech
            [11] => Tools
            [12] => Worn Clothes
            [13] => Unassigned
        )

    [data] => Array
        (
            [0] => 8
            [1] => 14
            [2] => 4
            [3] => 0
            [4] => 0
            [5] => 0
            [6] => 8
            [7] => 11
            [8] => 3
            [9] => 10
            [10] => 9
            [11] => 13
            [12] => 11
            [13] => 14
        )

)
  
[2024-09-04 20:11:03] local.DEBUG: C:\Users\josia\VS_code\ShakeDown-App\shake-down\app\Models\GearLists.php 184 list array: Array
(
    [labels] => Array
        (
            [0] => Clothes
            [1] => Consumables
            [2] => Cooking
            [3] => Emergency
            [4] => Fire/water Treatment
            [5] => Luxury Item
            [6] => Packs
            [7] => Rain Gear
            [8] => Shelter
            [9] => Sleep System
            [10] => Tech
            [11] => Tools
            [12] => Worn Clothes
            [13] => Unassigned
        )

    [data] => Array
        (
            [0] => 8
            [1] => 14
            [2] => 4
            [3] => 0
            [4] => 0
            [5] => 0
            [6] => 8
            [7] => 11
            [8] => 3
            [9] => 10
            [10] => 9
            [11] => 13
            [12] => 11
            [13] => 14
        )

)
  
[2024-09-04 20:12:52] local.DEBUG: C:\Users\josia\VS_code\ShakeDown-App\shake-down\app\Models\GearLists.php 184 list array: Array
(
    [labels] => Array
        (
            [0] => Clothes
            [1] => Consumables
            [2] => Cooking
            [3] => Emergency
            [4] => Fire/water Treatment
            [5] => Luxury Item
            [6] => Packs
            [7] => Rain Gear
            [8] => Shelter
            [9] => Sleep System
            [10] => Tech
            [11] => Tools
            [12] => Worn Clothes
            [13] => Unassigned
        )

    [data] => Array
        (
            [0] => 8
            [1] => 14
            [2] => 4
            [3] => 0
            [4] => 0
            [5] => 0
            [6] => 8
            [7] => 11
            [8] => 3
            [9] => 10
            [10] => 9
            [11] => 13
            [12] => 11
            [13] => 14
        )

)
  
[2024-09-04 20:13:59] local.DEBUG: C:\Users\josia\VS_code\ShakeDown-App\shake-down\app\Models\GearLists.php 184 list array: Array
(
    [labels] => Array
        (
            [0] => Clothes
            [1] => Consumables
            [2] => Cooking
            [3] => Emergency
            [4] => Fire/water Treatment
            [5] => Luxury Item
            [6] => Packs
            [7] => Rain Gear
            [8] => Shelter
            [9] => Sleep System
            [10] => Tech
            [11] => Tools
            [12] => Worn Clothes
            [13] => Unassigned
        )

    [data] => Array
        (
            [0] => 8
            [1] => 14
            [2] => 4
            [3] => 0
            [4] => 0
            [5] => 0
            [6] => 8
            [7] => 11
            [8] => 3
            [9] => 10
            [10] => 9
            [11] => 13
            [12] => 11
            [13] => 14
        )

)
  
[2024-09-04 20:15:04] local.DEBUG: C:\Users\josia\VS_code\ShakeDown-App\shake-down\app\Models\GearLists.php 184 list array: Array
(
    [labels] => Array
        (
            [0] => Clothes
            [1] => Consumables
            [2] => Cooking
            [3] => Emergency
            [4] => Fire/water Treatment
            [5] => Luxury Item
            [6] => Packs
            [7] => Rain Gear
            [8] => Shelter
            [9] => Sleep System
            [10] => Tech
            [11] => Tools
            [12] => Worn Clothes
            [13] => Unassigned
        )

    [data] => Array
        (
            [0] => 8
            [1] => 14
            [2] => 4
            [3] => 0
            [4] => 0
            [5] => 0
            [6] => 8
            [7] => 11
            [8] => 3
            [9] => 10
            [10] => 9
            [11] => 13
            [12] => 11
            [13] => 14
        )

)
  
[2024-09-04 20:15:57] local.DEBUG: C:\Users\josia\VS_code\ShakeDown-App\shake-down\app\Models\GearLists.php 184 list array: Array
(
    [labels] => Array
        (
            [0] => Clothes
            [1] => Consumables
            [2] => Cooking
            [3] => Emergency
            [4] => Fire/water Treatment
            [5] => Luxury Item
            [6] => Packs
            [7] => Rain Gear
            [8] => Shelter
            [9] => Sleep System
            [10] => Tech
            [11] => Tools
            [12] => Worn Clothes
            [13] => Unassigned
        )

    [data] => Array
        (
            [0] => 8
            [1] => 14
            [2] => 4
            [3] => 0
            [4] => 0
            [5] => 0
            [6] => 8
            [7] => 11
            [8] => 3
            [9] => 10
            [10] => 9
            [11] => 13
            [12] => 11
            [13] => 14
        )

)
  
[2024-09-04 20:16:56] local.DEBUG: C:\Users\josia\VS_code\ShakeDown-App\shake-down\app\Models\GearLists.php 184 list array: Array
(
    [labels] => Array
        (
            [0] => Clothes
            [1] => Consumables
            [2] => Cooking
            [3] => Emergency
            [4] => Fire/water Treatment
            [5] => Luxury Item
            [6] => Packs
            [7] => Rain Gear
            [8] => Shelter
            [9] => Sleep System
            [10] => Tech
            [11] => Tools
            [12] => Worn Clothes
            [13] => Unassigned
        )

    [data] => Array
        (
            [0] => 8
            [1] => 14
            [2] => 4
            [3] => 0
            [4] => 0
            [5] => 0
            [6] => 8
            [7] => 11
            [8] => 3
            [9] => 10
            [10] => 9
            [11] => 13
            [12] => 11
            [13] => 14
        )

)
  
[2024-09-04 20:17:40] local.DEBUG: C:\Users\josia\VS_code\ShakeDown-App\shake-down\app\Models\GearLists.php 184 list array: Array
(
    [labels] => Array
        (
            [0] => Clothes
            [1] => Consumables
            [2] => Cooking
            [3] => Emergency
            [4] => Fire/water Treatment
            [5] => Luxury Item
            [6] => Packs
            [7] => Rain Gear
            [8] => Shelter
            [9] => Sleep System
            [10] => Tech
            [11] => Tools
            [12] => Worn Clothes
            [13] => Unassigned
        )

    [data] => Array
        (
            [0] => 8
            [1] => 14
            [2] => 4
            [3] => 0
            [4] => 0
            [5] => 0
            [6] => 8
            [7] => 11
            [8] => 3
            [9] => 10
            [10] => 9
            [11] => 13
            [12] => 11
            [13] => 14
        )

)
  
[2024-09-04 20:18:32] local.DEBUG: C:\Users\josia\VS_code\ShakeDown-App\shake-down\app\Models\GearLists.php 184 list array: Array
(
    [labels] => Array
        (
            [0] => Clothes
            [1] => Consumables
            [2] => Cooking
            [3] => Emergency
            [4] => Fire/water Treatment
            [5] => Luxury Item
            [6] => Packs
            [7] => Rain Gear
            [8] => Shelter
            [9] => Sleep System
            [10] => Tech
            [11] => Tools
            [12] => Worn Clothes
            [13] => Unassigned
        )

    [data] => Array
        (
            [0] => 8
            [1] => 14
            [2] => 4
            [3] => 0
            [4] => 0
            [5] => 0
            [6] => 8
            [7] => 11
            [8] => 3
            [9] => 10
            [10] => 9
            [11] => 13
            [12] => 11
            [13] => 14
        )

)
  
[2024-09-04 20:18:33] local.ERROR: htmlspecialchars(): Argument #1 ($string) must be of type string, array given (View: C:\Users\josia\VS_code\ShakeDown-App\shake-down\resources\views\gear-lists\new-gear-list.blade.php) {"userId":1,"exception":"[object] (Illuminate\\View\\ViewException(code: 0): htmlspecialchars(): Argument #1 ($string) must be of type string, array given (View: C:\\Users\\josia\\VS_code\\ShakeDown-App\\shake-down\\resources\\views\\gear-lists\\new-gear-list.blade.php) at C:\\Users\\josia\\VS_code\\ShakeDown-App\\shake-down\\vendor\\laravel\\framework\\src\\Illuminate\\Support\\helpers.php:135)
[stacktrace]
#0 C:\\Users\\josia\\VS_code\\ShakeDown-App\\shake-down\\vendor\\laravel\\framework\\src\\Illuminate\\View\\Engines\\PhpEngine.php(60): Illuminate\\View\\Engines\\CompilerEngine->handleViewException(Object(TypeError), 1)
#1 C:\\Users\\josia\\VS_code\\ShakeDown-App\\shake-down\\vendor\\laravel\\framework\\src\\Illuminate\\View\\Engines\\CompilerEngine.php(73): Illuminate\\View\\Engines\\PhpEngine->evaluatePath('C:\\\\Users\\\\josia\\\\...', Array)
#2 C:\\Users\\josia\\VS_code\\ShakeDown-App\\shake-down\\vendor\\laravel\\framework\\src\\Illuminate\\View\\View.php(208): Illuminate\\View\\Engines\\CompilerEngine->get('C:\\\\Users\\\\josia\\\\...', Array)
#3 C:\\Users\\josia\\VS_code\\ShakeDown-App\\shake-down\\vendor\\laravel\\framework\\src\\Illuminate\\View\\View.php(191): Illuminate\\View\\View->getContents()
#4 C:\\Users\\josia\\VS_code\\ShakeDown-App\\shake-down\\vendor\\laravel\\framework\\src\\Illuminate\\View\\View.php(160): Illuminate\\View\\View->renderContents()
#5 C:\\Users\\josia\\VS_code\\ShakeDown-App\\shake-down\\vendor\\laravel\\framework\\src\\Illuminate\\Http\\Response.php(70): Illuminate\\View\\View->render()
#6 C:\\Users\\josia\\VS_code\\ShakeDown-App\\shake-down\\vendor\\laravel\\framework\\src\\Illuminate\\Http\\Response.php(35): Illuminate\\Http\\Response->setContent(Object(Illuminate\\View\\View))
#7 C:\\Users\\josia\\VS_code\\ShakeDown-App\\shake-down\\vendor\\laravel\\framework\\src\\Illuminate\\Routing\\Router.php(920): Illuminate\\Http\\Response->__construct(Object(Illuminate\\View\\View), 200, Array)
#8 C:\\Users\\josia\\VS_code\\ShakeDown-App\\shake-down\\vendor\\laravel\\framework\\src\\Illuminate\\Routing\\Router.php(887): Illuminate\\Routing\\Router::toResponse(Object(Illuminate\\Http\\Request), Object(Illuminate\\View\\View))
#9 C:\\Users\\josia\\VS_code\\ShakeDown-App\\shake-down\\vendor\\laravel\\framework\\src\\Illuminate\\Routing\\Router.php(807): Illuminate\\Routing\\Router->prepareResponse(Object(Illuminate\\Http\\Request), Object(Illuminate\\View\\View))
#10 C:\\Users\\josia\\VS_code\\ShakeDown-App\\shake-down\\vendor\\laravel\\framework\\src\\Illuminate\\Pipeline\\Pipeline.php(144): Illuminate\\Routing\\Router->Illuminate\\Routing\\{closure}(Object(Illuminate\\Http\\Request))
#11 C:\\Users\\josia\\VS_code\\ShakeDown-App\\shake-down\\vendor\\laravel\\framework\\src\\Illuminate\\Routing\\Middleware\\SubstituteBindings.php(51): Illuminate\\Pipeline\\Pipeline->Illuminate\\Pipeline\\{closure}(Object(Illuminate\\Http\\Request))
#12 C:\\Users\\josia\\VS_code\\ShakeDown-App\\shake-down\\vendor\\laravel\\framework\\src\\Illuminate\\Pipeline\\Pipeline.php(183): Illuminate\\Routing\\Middleware\\SubstituteBindings->handle(Object(Illuminate\\Http\\Request), Object(Closure))
#13 C:\\Users\\josia\\VS_code\\ShakeDown-App\\shake-down\\vendor\\laravel\\framework\\src\\Illuminate\\Foundation\\Http\\Middleware\\VerifyCsrfToken.php(88): Illuminate\\Pipeline\\Pipeline->Illuminate\\Pipeline\\{closure}(Object(Illuminate\\Http\\Request))
#14 C:\\Users\\josia\\VS_code\\ShakeDown-App\\shake-down\\vendor\\laravel\\framework\\src\\Illuminate\\Pipeline\\Pipeline.php(183): Illuminate\\Foundation\\Http\\Middleware\\VerifyCsrfToken->handle(Object(Illuminate\\Http\\Request), Object(Closure))
#15 C:\\Users\\josia\\VS_code\\ShakeDown-App\\shake-down\\vendor\\laravel\\framework\\src\\Illuminate\\View\\Middleware\\ShareErrorsFromSession.php(49): Illuminate\\Pipeline\\Pipeline->Illuminate\\Pipeline\\{closure}(Object(Illuminate\\Http\\Request))
#16 C:\\Users\\josia\\VS_code\\ShakeDown-App\\shake-down\\vendor\\laravel\\framework\\src\\Illuminate\\Pipeline\\Pipeline.php(183): Illuminate\\View\\Middleware\\ShareErrorsFromSession->handle(Object(Illuminate\\Http\\Request), Object(Closure))
#17 C:\\Users\\josia\\VS_code\\ShakeDown-App\\shake-down\\vendor\\laravel\\framework\\src\\Illuminate\\Session\\Middleware\\StartSession.php(121): Illuminate\\Pipeline\\Pipeline->Illuminate\\Pipeline\\{closure}(Object(Illuminate\\Http\\Request))
#18 C:\\Users\\josia\\VS_code\\ShakeDown-App\\shake-down\\vendor\\laravel\\framework\\src\\Illuminate\\Session\\Middleware\\StartSession.php(64): Illuminate\\Session\\Middleware\\StartSession->handleStatefulRequest(Object(Illuminate\\Http\\Request), Object(Illuminate\\Session\\Store), Object(Closure))
#19 C:\\Users\\josia\\VS_code\\ShakeDown-App\\shake-down\\vendor\\laravel\\framework\\src\\Illuminate\\Pipeline\\Pipeline.php(183): Illuminate\\Session\\Middleware\\StartSession->handle(Object(Illuminate\\Http\\Request), Object(Closure))
#20 C:\\Users\\josia\\VS_code\\ShakeDown-App\\shake-down\\vendor\\laravel\\framework\\src\\Illuminate\\Cookie\\Middleware\\AddQueuedCookiesToResponse.php(37): Illuminate\\Pipeline\\Pipeline->Illuminate\\Pipeline\\{closure}(Object(Illuminate\\Http\\Request))
#21 C:\\Users\\josia\\VS_code\\ShakeDown-App\\shake-down\\vendor\\laravel\\framework\\src\\Illuminate\\Pipeline\\Pipeline.php(183): Illuminate\\Cookie\\Middleware\\AddQueuedCookiesToResponse->handle(Object(Illuminate\\Http\\Request), Object(Closure))
#22 C:\\Users\\josia\\VS_code\\ShakeDown-App\\shake-down\\vendor\\laravel\\framework\\src\\Illuminate\\Cookie\\Middleware\\EncryptCookies.php(75): Illuminate\\Pipeline\\Pipeline->Illuminate\\Pipeline\\{closure}(Object(Illuminate\\Http\\Request))
#23 C:\\Users\\josia\\VS_code\\ShakeDown-App\\shake-down\\vendor\\laravel\\framework\\src\\Illuminate\\Pipeline\\Pipeline.php(183): Illuminate\\Cookie\\Middleware\\EncryptCookies->handle(Object(Illuminate\\Http\\Request), Object(Closure))
#24 C:\\Users\\josia\\VS_code\\ShakeDown-App\\shake-down\\vendor\\laravel\\framework\\src\\Illuminate\\Pipeline\\Pipeline.php(119): Illuminate\\Pipeline\\Pipeline->Illuminate\\Pipeline\\{closure}(Object(Illuminate\\Http\\Request))
#25 C:\\Users\\josia\\VS_code\\ShakeDown-App\\shake-down\\vendor\\laravel\\framework\\src\\Illuminate\\Routing\\Router.php(807): Illuminate\\Pipeline\\Pipeline->then(Object(Closure))
#26 C:\\Users\\josia\\VS_code\\ShakeDown-App\\shake-down\\vendor\\laravel\\framework\\src\\Illuminate\\Routing\\Router.php(786): Illuminate\\Routing\\Router->runRouteWithinStack(Object(Illuminate\\Routing\\Route), Object(Illuminate\\Http\\Request))
#27 C:\\Users\\josia\\VS_code\\ShakeDown-App\\shake-down\\vendor\\laravel\\framework\\src\\Illuminate\\Routing\\Router.php(750): Illuminate\\Routing\\Router->runRoute(Object(Illuminate\\Http\\Request), Object(Illuminate\\Routing\\Route))
#28 C:\\Users\\josia\\VS_code\\ShakeDown-App\\shake-down\\vendor\\laravel\\framework\\src\\Illuminate\\Routing\\Router.php(739): Illuminate\\Routing\\Router->dispatchToRoute(Object(Illuminate\\Http\\Request))
#29 C:\\Users\\josia\\VS_code\\ShakeDown-App\\shake-down\\vendor\\laravel\\framework\\src\\Illuminate\\Foundation\\Http\\Kernel.php(201): Illuminate\\Routing\\Router->dispatch(Object(Illuminate\\Http\\Request))
#30 C:\\Users\\josia\\VS_code\\ShakeDown-App\\shake-down\\vendor\\laravel\\framework\\src\\Illuminate\\Pipeline\\Pipeline.php(144): Illuminate\\Foundation\\Http\\Kernel->Illuminate\\Foundation\\Http\\{closure}(Object(Illuminate\\Http\\Request))
#31 C:\\Users\\josia\\VS_code\\ShakeDown-App\\shake-down\\vendor\\laravel\\framework\\src\\Illuminate\\Foundation\\Http\\Middleware\\TransformsRequest.php(21): Illuminate\\Pipeline\\Pipeline->Illuminate\\Pipeline\\{closure}(Object(Illuminate\\Http\\Request))
#32 C:\\Users\\josia\\VS_code\\ShakeDown-App\\shake-down\\vendor\\laravel\\framework\\src\\Illuminate\\Foundation\\Http\\Middleware\\ConvertEmptyStringsToNull.php(31): Illuminate\\Foundation\\Http\\Middleware\\TransformsRequest->handle(Object(Illuminate\\Http\\Request), Object(Closure))
#33 C:\\Users\\josia\\VS_code\\ShakeDown-App\\shake-down\\vendor\\laravel\\framework\\src\\Illuminate\\Pipeline\\Pipeline.php(183): Illuminate\\Foundation\\Http\\Middleware\\ConvertEmptyStringsToNull->handle(Object(Illuminate\\Http\\Request), Object(Closure))
#34 C:\\Users\\josia\\VS_code\\ShakeDown-App\\shake-down\\vendor\\laravel\\framework\\src\\Illuminate\\Foundation\\Http\\Middleware\\TransformsRequest.php(21): Illuminate\\Pipeline\\Pipeline->Illuminate\\Pipeline\\{closure}(Object(Illuminate\\Http\\Request))
#35 C:\\Users\\josia\\VS_code\\ShakeDown-App\\shake-down\\vendor\\laravel\\framework\\src\\Illuminate\\Foundation\\Http\\Middleware\\TrimStrings.php(51): Illuminate\\Foundation\\Http\\Middleware\\TransformsRequest->handle(Object(Illuminate\\Http\\Request), Object(Closure))
#36 C:\\Users\\josia\\VS_code\\ShakeDown-App\\shake-down\\vendor\\laravel\\framework\\src\\Illuminate\\Pipeline\\Pipeline.php(183): Illuminate\\Foundation\\Http\\Middleware\\TrimStrings->handle(Object(Illuminate\\Http\\Request), Object(Closure))
#37 C:\\Users\\josia\\VS_code\\ShakeDown-App\\shake-down\\vendor\\laravel\\framework\\src\\Illuminate\\Http\\Middleware\\ValidatePostSize.php(27): Illuminate\\Pipeline\\Pipeline->Illuminate\\Pipeline\\{closure}(Object(Illuminate\\Http\\Request))
#38 C:\\Users\\josia\\VS_code\\ShakeDown-App\\shake-down\\vendor\\laravel\\framework\\src\\Illuminate\\Pipeline\\Pipeline.php(183): Illuminate\\Http\\Middleware\\ValidatePostSize->handle(Object(Illuminate\\Http\\Request), Object(Closure))
#39 C:\\Users\\josia\\VS_code\\ShakeDown-App\\shake-down\\vendor\\laravel\\framework\\src\\Illuminate\\Foundation\\Http\\Middleware\\PreventRequestsDuringMaintenance.php(110): Illuminate\\Pipeline\\Pipeline->Illuminate\\Pipeline\\{closure}(Object(Illuminate\\Http\\Request))
#40 C:\\Users\\josia\\VS_code\\ShakeDown-App\\shake-down\\vendor\\laravel\\framework\\src\\Illuminate\\Pipeline\\Pipeline.php(183): Illuminate\\Foundation\\Http\\Middleware\\PreventRequestsDuringMaintenance->handle(Object(Illuminate\\Http\\Request), Object(Closure))
#41 C:\\Users\\josia\\VS_code\\ShakeDown-App\\shake-down\\vendor\\laravel\\framework\\src\\Illuminate\\Http\\Middleware\\HandleCors.php(49): Illuminate\\Pipeline\\Pipeline->Illuminate\\Pipeline\\{closure}(Object(Illuminate\\Http\\Request))
#42 C:\\Users\\josia\\VS_code\\ShakeDown-App\\shake-down\\vendor\\laravel\\framework\\src\\Illuminate\\Pipeline\\Pipeline.php(183): Illuminate\\Http\\Middleware\\HandleCors->handle(Object(Illuminate\\Http\\Request), Object(Closure))
#43 C:\\Users\\josia\\VS_code\\ShakeDown-App\\shake-down\\vendor\\laravel\\framework\\src\\Illuminate\\Http\\Middleware\\TrustProxies.php(58): Illuminate\\Pipeline\\Pipeline->Illuminate\\Pipeline\\{closure}(Object(Illuminate\\Http\\Request))
#44 C:\\Users\\josia\\VS_code\\ShakeDown-App\\shake-down\\vendor\\laravel\\framework\\src\\Illuminate\\Pipeline\\Pipeline.php(183): Illuminate\\Http\\Middleware\\TrustProxies->handle(Object(Illuminate\\Http\\Request), Object(Closure))
#45 C:\\Users\\josia\\VS_code\\ShakeDown-App\\shake-down\\vendor\\laravel\\framework\\src\\Illuminate\\Pipeline\\Pipeline.php(119): Illuminate\\Pipeline\\Pipeline->Illuminate\\Pipeline\\{closure}(Object(Illuminate\\Http\\Request))
#46 C:\\Users\\josia\\VS_code\\ShakeDown-App\\shake-down\\vendor\\laravel\\framework\\src\\Illuminate\\Foundation\\Http\\Kernel.php(176): Illuminate\\Pipeline\\Pipeline->then(Object(Closure))
#47 C:\\Users\\josia\\VS_code\\ShakeDown-App\\shake-down\\vendor\\laravel\\framework\\src\\Illuminate\\Foundation\\Http\\Kernel.php(145): Illuminate\\Foundation\\Http\\Kernel->sendRequestThroughRouter(Object(Illuminate\\Http\\Request))
#48 C:\\Users\\josia\\VS_code\\ShakeDown-App\\shake-down\\vendor\\laravel\\framework\\src\\Illuminate\\Foundation\\Application.php(1188): Illuminate\\Foundation\\Http\\Kernel->handle(Object(Illuminate\\Http\\Request))
#49 C:\\Users\\josia\\VS_code\\ShakeDown-App\\shake-down\\public\\index.php(17): Illuminate\\Foundation\\Application->handleRequest(Object(Illuminate\\Http\\Request))
#50 C:\\Users\\josia\\VS_code\\ShakeDown-App\\shake-down\\vendor\\laravel\\framework\\src\\Illuminate\\Foundation\\resources\\server.php(23): require_once('C:\\\\Users\\\\josia\\\\...')
#51 {main}

[previous exception] [object] (TypeError(code: 0): htmlspecialchars(): Argument #1 ($string) must be of type string, array given at C:\\Users\\josia\\VS_code\\ShakeDown-App\\shake-down\\vendor\\laravel\\framework\\src\\Illuminate\\Support\\helpers.php:135)
[stacktrace]
#0 C:\\Users\\josia\\VS_code\\ShakeDown-App\\shake-down\\vendor\\laravel\\framework\\src\\Illuminate\\Support\\helpers.php(135): htmlspecialchars(Array, 11, 'UTF-8', true)
#1 C:\\Users\\josia\\VS_code\\ShakeDown-App\\shake-down\\storage\\framework\\views\\f09dc7bc5891fa4690be364bcd7f2d5c.php(20): e(Array)
#2 C:\\Users\\josia\\VS_code\\ShakeDown-App\\shake-down\\vendor\\laravel\\framework\\src\\Illuminate\\Filesystem\\Filesystem.php(123): require('C:\\\\Users\\\\josia\\\\...')
#3 C:\\Users\\josia\\VS_code\\ShakeDown-App\\shake-down\\vendor\\laravel\\framework\\src\\Illuminate\\Filesystem\\Filesystem.php(124): Illuminate\\Filesystem\\Filesystem::Illuminate\\Filesystem\\{closure}()
#4 C:\\Users\\josia\\VS_code\\ShakeDown-App\\shake-down\\vendor\\laravel\\framework\\src\\Illuminate\\View\\Engines\\PhpEngine.php(58): Illuminate\\Filesystem\\Filesystem->getRequire('C:\\\\Users\\\\josia\\\\...', Array)
#5 C:\\Users\\josia\\VS_code\\ShakeDown-App\\shake-down\\vendor\\laravel\\framework\\src\\Illuminate\\View\\Engines\\CompilerEngine.php(73): Illuminate\\View\\Engines\\PhpEngine->evaluatePath('C:\\\\Users\\\\josia\\\\...', Array)
#6 C:\\Users\\josia\\VS_code\\ShakeDown-App\\shake-down\\vendor\\laravel\\framework\\src\\Illuminate\\View\\View.php(208): Illuminate\\View\\Engines\\CompilerEngine->get('C:\\\\Users\\\\josia\\\\...', Array)
#7 C:\\Users\\josia\\VS_code\\ShakeDown-App\\shake-down\\vendor\\laravel\\framework\\src\\Illuminate\\View\\View.php(191): Illuminate\\View\\View->getContents()
#8 C:\\Users\\josia\\VS_code\\ShakeDown-App\\shake-down\\vendor\\laravel\\framework\\src\\Illuminate\\View\\View.php(160): Illuminate\\View\\View->renderContents()
#9 C:\\Users\\josia\\VS_code\\ShakeDown-App\\shake-down\\vendor\\laravel\\framework\\src\\Illuminate\\Http\\Response.php(70): Illuminate\\View\\View->render()
#10 C:\\Users\\josia\\VS_code\\ShakeDown-App\\shake-down\\vendor\\laravel\\framework\\src\\Illuminate\\Http\\Response.php(35): Illuminate\\Http\\Response->setContent(Object(Illuminate\\View\\View))
#11 C:\\Users\\josia\\VS_code\\ShakeDown-App\\shake-down\\vendor\\laravel\\framework\\src\\Illuminate\\Routing\\Router.php(920): Illuminate\\Http\\Response->__construct(Object(Illuminate\\View\\View), 200, Array)
#12 C:\\Users\\josia\\VS_code\\ShakeDown-App\\shake-down\\vendor\\laravel\\framework\\src\\Illuminate\\Routing\\Router.php(887): Illuminate\\Routing\\Router::toResponse(Object(Illuminate\\Http\\Request), Object(Illuminate\\View\\View))
#13 C:\\Users\\josia\\VS_code\\ShakeDown-App\\shake-down\\vendor\\laravel\\framework\\src\\Illuminate\\Routing\\Router.php(807): Illuminate\\Routing\\Router->prepareResponse(Object(Illuminate\\Http\\Request), Object(Illuminate\\View\\View))
#14 C:\\Users\\josia\\VS_code\\ShakeDown-App\\shake-down\\vendor\\laravel\\framework\\src\\Illuminate\\Pipeline\\Pipeline.php(144): Illuminate\\Routing\\Router->Illuminate\\Routing\\{closure}(Object(Illuminate\\Http\\Request))
#15 C:\\Users\\josia\\VS_code\\ShakeDown-App\\shake-down\\vendor\\laravel\\framework\\src\\Illuminate\\Routing\\Middleware\\SubstituteBindings.php(51): Illuminate\\Pipeline\\Pipeline->Illuminate\\Pipeline\\{closure}(Object(Illuminate\\Http\\Request))
#16 C:\\Users\\josia\\VS_code\\ShakeDown-App\\shake-down\\vendor\\laravel\\framework\\src\\Illuminate\\Pipeline\\Pipeline.php(183): Illuminate\\Routing\\Middleware\\SubstituteBindings->handle(Object(Illuminate\\Http\\Request), Object(Closure))
#17 C:\\Users\\josia\\VS_code\\ShakeDown-App\\shake-down\\vendor\\laravel\\framework\\src\\Illuminate\\Foundation\\Http\\Middleware\\VerifyCsrfToken.php(88): Illuminate\\Pipeline\\Pipeline->Illuminate\\Pipeline\\{closure}(Object(Illuminate\\Http\\Request))
#18 C:\\Users\\josia\\VS_code\\ShakeDown-App\\shake-down\\vendor\\laravel\\framework\\src\\Illuminate\\Pipeline\\Pipeline.php(183): Illuminate\\Foundation\\Http\\Middleware\\VerifyCsrfToken->handle(Object(Illuminate\\Http\\Request), Object(Closure))
#19 C:\\Users\\josia\\VS_code\\ShakeDown-App\\shake-down\\vendor\\laravel\\framework\\src\\Illuminate\\View\\Middleware\\ShareErrorsFromSession.php(49): Illuminate\\Pipeline\\Pipeline->Illuminate\\Pipeline\\{closure}(Object(Illuminate\\Http\\Request))
#20 C:\\Users\\josia\\VS_code\\ShakeDown-App\\shake-down\\vendor\\laravel\\framework\\src\\Illuminate\\Pipeline\\Pipeline.php(183): Illuminate\\View\\Middleware\\ShareErrorsFromSession->handle(Object(Illuminate\\Http\\Request), Object(Closure))
#21 C:\\Users\\josia\\VS_code\\ShakeDown-App\\shake-down\\vendor\\laravel\\framework\\src\\Illuminate\\Session\\Middleware\\StartSession.php(121): Illuminate\\Pipeline\\Pipeline->Illuminate\\Pipeline\\{closure}(Object(Illuminate\\Http\\Request))
#22 C:\\Users\\josia\\VS_code\\ShakeDown-App\\shake-down\\vendor\\laravel\\framework\\src\\Illuminate\\Session\\Middleware\\StartSession.php(64): Illuminate\\Session\\Middleware\\StartSession->handleStatefulRequest(Object(Illuminate\\Http\\Request), Object(Illuminate\\Session\\Store), Object(Closure))
#23 C:\\Users\\josia\\VS_code\\ShakeDown-App\\shake-down\\vendor\\laravel\\framework\\src\\Illuminate\\Pipeline\\Pipeline.php(183): Illuminate\\Session\\Middleware\\StartSession->handle(Object(Illuminate\\Http\\Request), Object(Closure))
#24 C:\\Users\\josia\\VS_code\\ShakeDown-App\\shake-down\\vendor\\laravel\\framework\\src\\Illuminate\\Cookie\\Middleware\\AddQueuedCookiesToResponse.php(37): Illuminate\\Pipeline\\Pipeline->Illuminate\\Pipeline\\{closure}(Object(Illuminate\\Http\\Request))
#25 C:\\Users\\josia\\VS_code\\ShakeDown-App\\shake-down\\vendor\\laravel\\framework\\src\\Illuminate\\Pipeline\\Pipeline.php(183): Illuminate\\Cookie\\Middleware\\AddQueuedCookiesToResponse->handle(Object(Illuminate\\Http\\Request), Object(Closure))
#26 C:\\Users\\josia\\VS_code\\ShakeDown-App\\shake-down\\vendor\\laravel\\framework\\src\\Illuminate\\Cookie\\Middleware\\EncryptCookies.php(75): Illuminate\\Pipeline\\Pipeline->Illuminate\\Pipeline\\{closure}(Object(Illuminate\\Http\\Request))
#27 C:\\Users\\josia\\VS_code\\ShakeDown-App\\shake-down\\vendor\\laravel\\framework\\src\\Illuminate\\Pipeline\\Pipeline.php(183): Illuminate\\Cookie\\Middleware\\EncryptCookies->handle(Object(Illuminate\\Http\\Request), Object(Closure))
#28 C:\\Users\\josia\\VS_code\\ShakeDown-App\\shake-down\\vendor\\laravel\\framework\\src\\Illuminate\\Pipeline\\Pipeline.php(119): Illuminate\\Pipeline\\Pipeline->Illuminate\\Pipeline\\{closure}(Object(Illuminate\\Http\\Request))
#29 C:\\Users\\josia\\VS_code\\ShakeDown-App\\shake-down\\vendor\\laravel\\framework\\src\\Illuminate\\Routing\\Router.php(807): Illuminate\\Pipeline\\Pipeline->then(Object(Closure))
#30 C:\\Users\\josia\\VS_code\\ShakeDown-App\\shake-down\\vendor\\laravel\\framework\\src\\Illuminate\\Routing\\Router.php(786): Illuminate\\Routing\\Router->runRouteWithinStack(Object(Illuminate\\Routing\\Route), Object(Illuminate\\Http\\Request))
#31 C:\\Users\\josia\\VS_code\\ShakeDown-App\\shake-down\\vendor\\laravel\\framework\\src\\Illuminate\\Routing\\Router.php(750): Illuminate\\Routing\\Router->runRoute(Object(Illuminate\\Http\\Request), Object(Illuminate\\Routing\\Route))
#32 C:\\Users\\josia\\VS_code\\ShakeDown-App\\shake-down\\vendor\\laravel\\framework\\src\\Illuminate\\Routing\\Router.php(739): Illuminate\\Routing\\Router->dispatchToRoute(Object(Illuminate\\Http\\Request))
#33 C:\\Users\\josia\\VS_code\\ShakeDown-App\\shake-down\\vendor\\laravel\\framework\\src\\Illuminate\\Foundation\\Http\\Kernel.php(201): Illuminate\\Routing\\Router->dispatch(Object(Illuminate\\Http\\Request))
#34 C:\\Users\\josia\\VS_code\\ShakeDown-App\\shake-down\\vendor\\laravel\\framework\\src\\Illuminate\\Pipeline\\Pipeline.php(144): Illuminate\\Foundation\\Http\\Kernel->Illuminate\\Foundation\\Http\\{closure}(Object(Illuminate\\Http\\Request))
#35 C:\\Users\\josia\\VS_code\\ShakeDown-App\\shake-down\\vendor\\laravel\\framework\\src\\Illuminate\\Foundation\\Http\\Middleware\\TransformsRequest.php(21): Illuminate\\Pipeline\\Pipeline->Illuminate\\Pipeline\\{closure}(Object(Illuminate\\Http\\Request))
#36 C:\\Users\\josia\\VS_code\\ShakeDown-App\\shake-down\\vendor\\laravel\\framework\\src\\Illuminate\\Foundation\\Http\\Middleware\\ConvertEmptyStringsToNull.php(31): Illuminate\\Foundation\\Http\\Middleware\\TransformsRequest->handle(Object(Illuminate\\Http\\Request), Object(Closure))
#37 C:\\Users\\josia\\VS_code\\ShakeDown-App\\shake-down\\vendor\\laravel\\framework\\src\\Illuminate\\Pipeline\\Pipeline.php(183): Illuminate\\Foundation\\Http\\Middleware\\ConvertEmptyStringsToNull->handle(Object(Illuminate\\Http\\Request), Object(Closure))
#38 C:\\Users\\josia\\VS_code\\ShakeDown-App\\shake-down\\vendor\\laravel\\framework\\src\\Illuminate\\Foundation\\Http\\Middleware\\TransformsRequest.php(21): Illuminate\\Pipeline\\Pipeline->Illuminate\\Pipeline\\{closure}(Object(Illuminate\\Http\\Request))
#39 C:\\Users\\josia\\VS_code\\ShakeDown-App\\shake-down\\vendor\\laravel\\framework\\src\\Illuminate\\Foundation\\Http\\Middleware\\TrimStrings.php(51): Illuminate\\Foundation\\Http\\Middleware\\TransformsRequest->handle(Object(Illuminate\\Http\\Request), Object(Closure))
#40 C:\\Users\\josia\\VS_code\\ShakeDown-App\\shake-down\\vendor\\laravel\\framework\\src\\Illuminate\\Pipeline\\Pipeline.php(183): Illuminate\\Foundation\\Http\\Middleware\\TrimStrings->handle(Object(Illuminate\\Http\\Request), Object(Closure))
#41 C:\\Users\\josia\\VS_code\\ShakeDown-App\\shake-down\\vendor\\laravel\\framework\\src\\Illuminate\\Http\\Middleware\\ValidatePostSize.php(27): Illuminate\\Pipeline\\Pipeline->Illuminate\\Pipeline\\{closure}(Object(Illuminate\\Http\\Request))
#42 C:\\Users\\josia\\VS_code\\ShakeDown-App\\shake-down\\vendor\\laravel\\framework\\src\\Illuminate\\Pipeline\\Pipeline.php(183): Illuminate\\Http\\Middleware\\ValidatePostSize->handle(Object(Illuminate\\Http\\Request), Object(Closure))
#43 C:\\Users\\josia\\VS_code\\ShakeDown-App\\shake-down\\vendor\\laravel\\framework\\src\\Illuminate\\Foundation\\Http\\Middleware\\PreventRequestsDuringMaintenance.php(110): Illuminate\\Pipeline\\Pipeline->Illuminate\\Pipeline\\{closure}(Object(Illuminate\\Http\\Request))
#44 C:\\Users\\josia\\VS_code\\ShakeDown-App\\shake-down\\vendor\\laravel\\framework\\src\\Illuminate\\Pipeline\\Pipeline.php(183): Illuminate\\Foundation\\Http\\Middleware\\PreventRequestsDuringMaintenance->handle(Object(Illuminate\\Http\\Request), Object(Closure))
#45 C:\\Users\\josia\\VS_code\\ShakeDown-App\\shake-down\\vendor\\laravel\\framework\\src\\Illuminate\\Http\\Middleware\\HandleCors.php(49): Illuminate\\Pipeline\\Pipeline->Illuminate\\Pipeline\\{closure}(Object(Illuminate\\Http\\Request))
#46 C:\\Users\\josia\\VS_code\\ShakeDown-App\\shake-down\\vendor\\laravel\\framework\\src\\Illuminate\\Pipeline\\Pipeline.php(183): Illuminate\\Http\\Middleware\\HandleCors->handle(Object(Illuminate\\Http\\Request), Object(Closure))
#47 C:\\Users\\josia\\VS_code\\ShakeDown-App\\shake-down\\vendor\\laravel\\framework\\src\\Illuminate\\Http\\Middleware\\TrustProxies.php(58): Illuminate\\Pipeline\\Pipeline->Illuminate\\Pipeline\\{closure}(Object(Illuminate\\Http\\Request))
#48 C:\\Users\\josia\\VS_code\\ShakeDown-App\\shake-down\\vendor\\laravel\\framework\\src\\Illuminate\\Pipeline\\Pipeline.php(183): Illuminate\\Http\\Middleware\\TrustProxies->handle(Object(Illuminate\\Http\\Request), Object(Closure))
#49 C:\\Users\\josia\\VS_code\\ShakeDown-App\\shake-down\\vendor\\laravel\\framework\\src\\Illuminate\\Pipeline\\Pipeline.php(119): Illuminate\\Pipeline\\Pipeline->Illuminate\\Pipeline\\{closure}(Object(Illuminate\\Http\\Request))
#50 C:\\Users\\josia\\VS_code\\ShakeDown-App\\shake-down\\vendor\\laravel\\framework\\src\\Illuminate\\Foundation\\Http\\Kernel.php(176): Illuminate\\Pipeline\\Pipeline->then(Object(Closure))
#51 C:\\Users\\josia\\VS_code\\ShakeDown-App\\shake-down\\vendor\\laravel\\framework\\src\\Illuminate\\Foundation\\Http\\Kernel.php(145): Illuminate\\Foundation\\Http\\Kernel->sendRequestThroughRouter(Object(Illuminate\\Http\\Request))
#52 C:\\Users\\josia\\VS_code\\ShakeDown-App\\shake-down\\vendor\\laravel\\framework\\src\\Illuminate\\Foundation\\Application.php(1188): Illuminate\\Foundation\\Http\\Kernel->handle(Object(Illuminate\\Http\\Request))
#53 C:\\Users\\josia\\VS_code\\ShakeDown-App\\shake-down\\public\\index.php(17): Illuminate\\Foundation\\Application->handleRequest(Object(Illuminate\\Http\\Request))
#54 C:\\Users\\josia\\VS_code\\ShakeDown-App\\shake-down\\vendor\\laravel\\framework\\src\\Illuminate\\Foundation\\resources\\server.php(23): require_once('C:\\\\Users\\\\josia\\\\...')
#55 {main}
"} 
[2024-09-04 20:19:04] local.DEBUG: C:\Users\josia\VS_code\ShakeDown-App\shake-down\app\Models\GearLists.php 184 list array: Array
(
    [labels] => Array
        (
            [0] => Clothes
            [1] => Consumables
            [2] => Cooking
            [3] => Emergency
            [4] => Fire/water Treatment
            [5] => Luxury Item
            [6] => Packs
            [7] => Rain Gear
            [8] => Shelter
            [9] => Sleep System
            [10] => Tech
            [11] => Tools
            [12] => Worn Clothes
            [13] => Unassigned
        )

    [data] => Array
        (
            [0] => 8
            [1] => 14
            [2] => 4
            [3] => 0
            [4] => 0
            [5] => 0
            [6] => 8
            [7] => 11
            [8] => 3
            [9] => 10
            [10] => 9
            [11] => 13
            [12] => 11
            [13] => 14
        )

)
  
[2024-09-04 20:22:33] local.DEBUG: C:\Users\josia\VS_code\ShakeDown-App\shake-down\app\Models\GearLists.php 184 list array: Array
(
    [labels] => Array
        (
            [0] => Clothes
            [1] => Consumables
            [2] => Cooking
            [3] => Emergency
            [4] => Fire/water Treatment
            [5] => Luxury Item
            [6] => Packs
            [7] => Rain Gear
            [8] => Shelter
            [9] => Sleep System
            [10] => Tech
            [11] => Tools
            [12] => Worn Clothes
            [13] => Unassigned
        )

    [data] => Array
        (
            [0] => 8
            [1] => 14
            [2] => 4
            [3] => 0
            [4] => 0
            [5] => 0
            [6] => 8
            [7] => 11
            [8] => 3
            [9] => 10
            [10] => 9
            [11] => 13
            [12] => 11
            [13] => 14
        )

)
  
[2024-09-04 20:23:15] local.DEBUG: C:\Users\josia\VS_code\ShakeDown-App\shake-down\app\Models\GearLists.php 184 list array: Array
(
    [labels] => Array
        (
            [0] => Clothes
            [1] => Consumables
            [2] => Cooking
            [3] => Emergency
            [4] => Fire/water Treatment
            [5] => Luxury Item
            [6] => Packs
            [7] => Rain Gear
            [8] => Shelter
            [9] => Sleep System
            [10] => Tech
            [11] => Tools
            [12] => Worn Clothes
            [13] => Unassigned
        )

    [data] => Array
        (
            [0] => 8
            [1] => 14
            [2] => 4
            [3] => 0
            [4] => 0
            [5] => 0
            [6] => 8
            [7] => 11
            [8] => 3
            [9] => 10
            [10] => 9
            [11] => 13
            [12] => 11
            [13] => 14
        )

)
  
[2024-09-04 20:25:16] local.ERROR: syntax error, unexpected token "=>", expecting "]" {"exception":"[object] (Symfony\\Component\\ErrorHandler\\Error\\FatalError(code: 0): syntax error, unexpected token \"=>\", expecting \"]\" at C:\\Users\\josia\\VS_code\\ShakeDown-App\\shake-down\\app\\Models\\GearLists.php:161)
[stacktrace]
#0 {main}
"} 
[2024-09-04 20:25:33] local.ERROR: syntax error, unexpected token "=>", expecting "]" {"exception":"[object] (Symfony\\Component\\ErrorHandler\\Error\\FatalError(code: 0): syntax error, unexpected token \"=>\", expecting \"]\" at C:\\Users\\josia\\VS_code\\ShakeDown-App\\shake-down\\app\\Models\\GearLists.php:161)
[stacktrace]
#0 {main}
"} 
[2024-09-04 20:25:44] local.ERROR: syntax error, unexpected token "=>" {"exception":"[object] (Symfony\\Component\\ErrorHandler\\Error\\FatalError(code: 0): syntax error, unexpected token \"=>\" at C:\\Users\\josia\\VS_code\\ShakeDown-App\\shake-down\\app\\Models\\GearLists.php:161)
[stacktrace]
#0 {main}
"} 
[2024-09-04 20:25:50] local.ERROR: syntax error, unexpected token "=>" {"exception":"[object] (Symfony\\Component\\ErrorHandler\\Error\\FatalError(code: 0): syntax error, unexpected token \"=>\" at C:\\Users\\josia\\VS_code\\ShakeDown-App\\shake-down\\app\\Models\\GearLists.php:161)
[stacktrace]
#0 {main}
"} 
[2024-09-04 20:25:58] local.ERROR: syntax error, unexpected token "=>" {"exception":"[object] (Symfony\\Component\\ErrorHandler\\Error\\FatalError(code: 0): syntax error, unexpected token \"=>\" at C:\\Users\\josia\\VS_code\\ShakeDown-App\\shake-down\\app\\Models\\GearLists.php:161)
[stacktrace]
#0 {main}
"} 
[2024-09-04 20:27:11] local.ERROR: syntax error, unexpected variable "$weights" {"exception":"[object] (Symfony\\Component\\ErrorHandler\\Error\\FatalError(code: 0): syntax error, unexpected variable \"$weights\" at C:\\Users\\josia\\VS_code\\ShakeDown-App\\shake-down\\app\\Models\\GearLists.php:180)
[stacktrace]
#0 {main}
"} 
[2024-09-04 20:27:32] local.DEBUG: C:\Users\josia\VS_code\ShakeDown-App\shake-down\app\Models\GearLists.php 186 list array: Array
(
    [labels] => Array
        (
            [0] => Clothes
            [1] => Consumables
            [2] => Cooking
            [3] => Packs
            [4] => Rain Gear
            [5] => Shelter
            [6] => Sleep System
            [7] => Tech
            [8] => Tools
            [9] => Worn Clothes
            [10] => Unassigned
        )

    [data] => Array
        (
            [0] => 8
            [1] => 14
            [2] => 4
            [3] => 8
            [4] => 11
            [5] => 3
            [6] => 10
            [7] => 9
            [8] => 13
            [9] => 11
            [10] => 14
        )

)
  
[2024-09-04 20:28:34] local.DEBUG: C:\Users\josia\VS_code\ShakeDown-App\shake-down\app\Models\GearLists.php 186 list array: Array
(
    [labels] => Array
        (
            [0] => Clothes
            [1] => Consumables
            [2] => Cooking
            [3] => Packs
            [4] => Rain Gear
            [5] => Shelter
            [6] => Sleep System
            [7] => Tech
            [8] => Tools
            [9] => Worn Clothes
            [10] => Unassigned
        )

    [data] => Array
        (
            [0] => 8
            [1] => 14
            [2] => 4
            [3] => 8
            [4] => 11
            [5] => 3
            [6] => 10
            [7] => 9
            [8] => 13
            [9] => 11
            [10] => 14
        )

)
  
[2024-09-04 20:29:42] local.DEBUG: C:\Users\josia\VS_code\ShakeDown-App\shake-down\app\Models\GearLists.php 186 list array: Array
(
    [labels] => Array
        (
            [0] => Clothes
            [1] => Consumables
            [2] => Cooking
            [3] => Packs
            [4] => Rain Gear
            [5] => Shelter
            [6] => Sleep System
            [7] => Tech
            [8] => Tools
            [9] => Worn Clothes
            [10] => Unassigned
        )

    [data] => Array
        (
            [0] => 8
            [1] => 14
            [2] => 4
            [3] => 8
            [4] => 11
            [5] => 3
            [6] => 10
            [7] => 9
            [8] => 13
            [9] => 11
            [10] => 14
        )

)
  
[2024-09-04 20:31:18] local.DEBUG: C:\Users\josia\VS_code\ShakeDown-App\shake-down\app\Models\GearLists.php 186 list array: Array
(
    [labels] => Array
        (
            [0] => Clothes
            [1] => Consumables
            [2] => Cooking
            [3] => Packs
            [4] => Rain Gear
            [5] => Shelter
            [6] => Sleep System
            [7] => Tech
            [8] => Tools
            [9] => Worn Clothes
            [10] => Unassigned
        )

    [data] => Array
        (
            [0] => 8
            [1] => 14
            [2] => 4
            [3] => 8
            [4] => 11
            [5] => 3
            [6] => 10
            [7] => 9
            [8] => 13
            [9] => 11
            [10] => 14
        )

)
  
[2024-09-04 20:32:02] local.DEBUG: C:\Users\josia\VS_code\ShakeDown-App\shake-down\app\Models\GearLists.php 186 list array: Array
(
    [labels] => Array
        (
            [0] => Clothes
            [1] => Consumables
            [2] => Cooking
            [3] => Packs
            [4] => Rain Gear
            [5] => Shelter
            [6] => Sleep System
            [7] => Tech
            [8] => Tools
            [9] => Worn Clothes
            [10] => Unassigned
        )

    [data] => Array
        (
            [0] => 8
            [1] => 14
            [2] => 4
            [3] => 8
            [4] => 11
            [5] => 3
            [6] => 10
            [7] => 9
            [8] => 13
            [9] => 11
            [10] => 14
        )

)
  
[2024-09-04 20:33:10] local.DEBUG: C:\Users\josia\VS_code\ShakeDown-App\shake-down\app\Models\GearLists.php 186 list array: Array
(
    [labels] => Array
        (
            [0] => Clothes
            [1] => Consumables
            [2] => Cooking
            [3] => Packs
            [4] => Rain Gear
            [5] => Shelter
            [6] => Sleep System
            [7] => Tech
            [8] => Tools
            [9] => Worn Clothes
            [10] => Unassigned
        )

    [data] => Array
        (
            [0] => 8
            [1] => 14
            [2] => 4
            [3] => 8
            [4] => 11
            [5] => 3
            [6] => 10
            [7] => 9
            [8] => 13
            [9] => 11
            [10] => 14
        )

)
  
[2024-09-04 20:35:11] local.DEBUG: C:\Users\josia\VS_code\ShakeDown-App\shake-down\app\Models\GearLists.php 186 list array: Array
(
    [labels] => Array
        (
            [0] => Clothes
            [1] => Consumables
            [2] => Cooking
            [3] => Packs
            [4] => Rain Gear
            [5] => Shelter
            [6] => Sleep System
            [7] => Tech
            [8] => Tools
            [9] => Worn Clothes
            [10] => Unassigned
        )

    [data] => Array
        (
            [0] => 8
            [1] => 14
            [2] => 4
            [3] => 8
            [4] => 11
            [5] => 3
            [6] => 10
            [7] => 9
            [8] => 13
            [9] => 11
            [10] => 14
        )

)
  
